{"C:\\Users\\WiN11\\Desktop\\COMP2230-Final-Project\\jest.config.js": {"path":"C:\\Users\\WiN11\\Desktop\\COMP2230-Final-Project\\jest.config.js","statementMap":{"0":{"start":{"line":1,"column":0},"end":{"line":3,"column":2}},"1":{"start":{"line":4,"column":28},"end":{"line":4,"column":61}},"2":{"start":{"line":7,"column":0},"end":{"line":10,"column":1}}},"fnMap":{},"branchMap":{},"s":{"0":3,"1":3,"2":3},"f":{},"b":{},"_coverageSchema":"1a1c01bbd47fc00a2c39e90264f33305004495a9","hash":"c06a10bbc07e35a999a6eabbfc589fefed9ee4f6"}
,"C:\\Users\\WiN11\\Desktop\\COMP2230-Final-Project\\template.js": {"path":"C:\\Users\\WiN11\\Desktop\\COMP2230-Final-Project\\template.js","statementMap":{"0":{"start":{"line":1,"column":0},"end":{"line":83,"column":3}},"1":{"start":{"line":3,"column":4},"end":{"line":3,"column":24}},"2":{"start":{"line":8,"column":24},"end":{"line":8,"column":65}},"3":{"start":{"line":10,"column":4},"end":{"line":17,"column":7}},"4":{"start":{"line":11,"column":21},"end":{"line":11,"column":46}},"5":{"start":{"line":13,"column":8},"end":{"line":16,"column":9}},"6":{"start":{"line":14,"column":12},"end":{"line":14,"column":41}},"7":{"start":{"line":15,"column":12},"end":{"line":15,"column":54}},"8":{"start":{"line":22,"column":24},"end":{"line":22,"column":56}},"9":{"start":{"line":23,"column":4},"end":{"line":23,"column":45}},"10":{"start":{"line":24,"column":4},"end":{"line":24,"column":43}},"11":{"start":{"line":26,"column":4},"end":{"line":26,"column":68}},"12":{"start":{"line":29,"column":23},"end":{"line":29,"column":52}},"13":{"start":{"line":31,"column":4},"end":{"line":34,"column":5}},"14":{"start":{"line":32,"column":8},"end":{"line":32,"column":51}},"15":{"start":{"line":33,"column":8},"end":{"line":33,"column":50}},"16":{"start":{"line":36,"column":4},"end":{"line":47,"column":7}},"17":{"start":{"line":37,"column":8},"end":{"line":37,"column":54}},"18":{"start":{"line":39,"column":8},"end":{"line":45,"column":9}},"19":{"start":{"line":40,"column":12},"end":{"line":40,"column":51}},"20":{"start":{"line":41,"column":12},"end":{"line":41,"column":54}},"21":{"start":{"line":43,"column":12},"end":{"line":43,"column":50}},"22":{"start":{"line":44,"column":12},"end":{"line":44,"column":53}},"23":{"start":{"line":46,"column":8},"end":{"line":46,"column":28}},"24":{"start":{"line":52,"column":22},"end":{"line":52,"column":60}},"25":{"start":{"line":54,"column":4},"end":{"line":57,"column":5}},"26":{"start":{"line":55,"column":8},"end":{"line":56,"column":94}},"27":{"start":{"line":62,"column":19},"end":{"line":62,"column":57}},"28":{"start":{"line":64,"column":23},"end":{"line":64,"column":50}},"29":{"start":{"line":66,"column":4},"end":{"line":67,"column":55}},"30":{"start":{"line":69,"column":4},"end":{"line":69,"column":35}},"31":{"start":{"line":74,"column":27},"end":{"line":74,"column":54}},"32":{"start":{"line":76,"column":4},"end":{"line":77,"column":75}},"33":{"start":{"line":79,"column":4},"end":{"line":79,"column":52}},"34":{"start":{"line":81,"column":4},"end":{"line":81,"column":59}},"35":{"start":{"line":87,"column":4},"end":{"line":100,"column":5}},"36":{"start":{"line":89,"column":12},"end":{"line":89,"column":111}},"37":{"start":{"line":90,"column":12},"end":{"line":90,"column":99}},"38":{"start":{"line":91,"column":12},"end":{"line":91,"column":103}},"39":{"start":{"line":92,"column":12},"end":{"line":92,"column":105}},"40":{"start":{"line":96,"column":8},"end":{"line":96,"column":105}},"41":{"start":{"line":97,"column":8},"end":{"line":97,"column":93}},"42":{"start":{"line":98,"column":8},"end":{"line":98,"column":98}},"43":{"start":{"line":99,"column":8},"end":{"line":99,"column":100}},"44":{"start":{"line":106,"column":19},"end":{"line":106,"column":51}},"45":{"start":{"line":107,"column":0},"end":{"line":107,"column":34}},"46":{"start":{"line":108,"column":0},"end":{"line":108,"column":37}},"47":{"start":{"line":111,"column":12},"end":{"line":111,"column":47}},"48":{"start":{"line":114,"column":0},"end":{"line":114,"column":46}},"49":{"start":{"line":117,"column":0},"end":{"line":119,"column":1}},"50":{"start":{"line":118,"column":4},"end":{"line":118,"column":31}},"51":{"start":{"line":122,"column":0},"end":{"line":130,"column":3}},"52":{"start":{"line":123,"column":4},"end":{"line":129,"column":5}},"53":{"start":{"line":124,"column":8},"end":{"line":124,"column":36}},"54":{"start":{"line":125,"column":8},"end":{"line":125,"column":43}},"55":{"start":{"line":127,"column":8},"end":{"line":127,"column":35}},"56":{"start":{"line":128,"column":8},"end":{"line":128,"column":42}},"57":{"start":{"line":133,"column":0},"end":{"line":140,"column":3}},"58":{"start":{"line":134,"column":4},"end":{"line":139,"column":5}},"59":{"start":{"line":135,"column":8},"end":{"line":135,"column":36}},"60":{"start":{"line":137,"column":8},"end":{"line":137,"column":35}},"61":{"start":{"line":138,"column":8},"end":{"line":138,"column":42}},"62":{"start":{"line":142,"column":0},"end":{"line":142,"column":37}}},"fnMap":{"0":{"name":"(anonymous_0)","decl":{"start":{"line":1,"column":46},"end":{"line":1,"column":47}},"loc":{"start":{"line":1,"column":52},"end":{"line":83,"column":1}},"line":1},"1":{"name":"(anonymous_1)","decl":{"start":{"line":10,"column":53},"end":{"line":10,"column":54}},"loc":{"start":{"line":10,"column":61},"end":{"line":17,"column":5}},"line":10},"2":{"name":"(anonymous_2)","decl":{"start":{"line":36,"column":42},"end":{"line":36,"column":43}},"loc":{"start":{"line":36,"column":48},"end":{"line":47,"column":5}},"line":36},"3":{"name":"updateThemeColours","decl":{"start":{"line":85,"column":9},"end":{"line":85,"column":27}},"loc":{"start":{"line":85,"column":29},"end":{"line":101,"column":1}},"line":85},"4":{"name":"(anonymous_4)","decl":{"start":{"line":122,"column":37},"end":{"line":122,"column":38}},"loc":{"start":{"line":122,"column":43},"end":{"line":130,"column":1}},"line":122},"5":{"name":"(anonymous_5)","decl":{"start":{"line":133,"column":34},"end":{"line":133,"column":35}},"loc":{"start":{"line":133,"column":40},"end":{"line":140,"column":1}},"line":133}},"branchMap":{"0":{"loc":{"start":{"line":13,"column":8},"end":{"line":16,"column":9}},"type":"if","locations":[{"start":{"line":13,"column":8},"end":{"line":16,"column":9}},{"start":{},"end":{}}],"line":13},"1":{"loc":{"start":{"line":31,"column":4},"end":{"line":34,"column":5}},"type":"if","locations":[{"start":{"line":31,"column":4},"end":{"line":34,"column":5}},{"start":{},"end":{}}],"line":31},"2":{"loc":{"start":{"line":39,"column":8},"end":{"line":45,"column":9}},"type":"if","locations":[{"start":{"line":39,"column":8},"end":{"line":45,"column":9}},{"start":{"line":42,"column":15},"end":{"line":45,"column":9}}],"line":39},"3":{"loc":{"start":{"line":54,"column":4},"end":{"line":57,"column":5}},"type":"if","locations":[{"start":{"line":54,"column":4},"end":{"line":57,"column":5}},{"start":{},"end":{}}],"line":54},"4":{"loc":{"start":{"line":87,"column":4},"end":{"line":100,"column":5}},"type":"if","locations":[{"start":{"line":87,"column":4},"end":{"line":100,"column":5}},{"start":{"line":94,"column":9},"end":{"line":100,"column":5}}],"line":87},"5":{"loc":{"start":{"line":117,"column":0},"end":{"line":119,"column":1}},"type":"if","locations":[{"start":{"line":117,"column":0},"end":{"line":119,"column":1}},{"start":{},"end":{}}],"line":117},"6":{"loc":{"start":{"line":123,"column":4},"end":{"line":129,"column":5}},"type":"if","locations":[{"start":{"line":123,"column":4},"end":{"line":129,"column":5}},{"start":{"line":126,"column":11},"end":{"line":129,"column":5}}],"line":123},"7":{"loc":{"start":{"line":134,"column":4},"end":{"line":139,"column":5}},"type":"if","locations":[{"start":{"line":134,"column":4},"end":{"line":139,"column":5}},{"start":{"line":136,"column":11},"end":{"line":139,"column":5}}],"line":134}},"s":{"0":2,"1":0,"2":0,"3":0,"4":0,"5":0,"6":0,"7":0,"8":0,"9":0,"10":0,"11":0,"12":0,"13":0,"14":0,"15":0,"16":0,"17":0,"18":0,"19":0,"20":0,"21":0,"22":0,"23":0,"24":0,"25":0,"26":0,"27":0,"28":0,"29":0,"30":0,"31":0,"32":0,"33":0,"34":0,"35":0,"36":0,"37":0,"38":0,"39":0,"40":0,"41":0,"42":0,"43":0,"44":2,"45":2,"46":2,"47":2,"48":2,"49":2,"50":0,"51":2,"52":0,"53":0,"54":0,"55":0,"56":0,"57":2,"58":0,"59":0,"60":0,"61":0,"62":2},"f":{"0":0,"1":0,"2":0,"3":0,"4":0,"5":0},"b":{"0":[0,0],"1":[0,0],"2":[0,0],"3":[0,0],"4":[0,0],"5":[0,2],"6":[0,0],"7":[0,0]},"_coverageSchema":"1a1c01bbd47fc00a2c39e90264f33305004495a9","hash":"e12c358599cfb736df07eb41370fb9a12ab088d4"}
,"C:\\Users\\WiN11\\Desktop\\COMP2230-Final-Project\\donation-tracker\\donation-tracker.js": {"path":"C:\\Users\\WiN11\\Desktop\\COMP2230-Final-Project\\donation-tracker\\donation-tracker.js","statementMap":{"0":{"start":{"line":12,"column":0},"end":{"line":22,"column":2}},"1":{"start":{"line":13,"column":4},"end":{"line":13,"column":16}},"2":{"start":{"line":15,"column":4},"end":{"line":21,"column":6}},"3":{"start":{"line":16,"column":8},"end":{"line":16,"column":31}},"4":{"start":{"line":18,"column":8},"end":{"line":20,"column":9}},"5":{"start":{"line":19,"column":12},"end":{"line":19,"column":87}},"6":{"start":{"line":32,"column":4},"end":{"line":32,"column":60}},"7":{"start":{"line":33,"column":4},"end":{"line":33,"column":62}},"8":{"start":{"line":34,"column":4},"end":{"line":34,"column":58}},"9":{"start":{"line":35,"column":4},"end":{"line":35,"column":54}},"10":{"start":{"line":36,"column":4},"end":{"line":36,"column":60}},"11":{"start":{"line":38,"column":4},"end":{"line":38,"column":85}},"12":{"start":{"line":39,"column":4},"end":{"line":39,"column":56}},"13":{"start":{"line":42,"column":4},"end":{"line":42,"column":27}},"14":{"start":{"line":43,"column":4},"end":{"line":43,"column":39}},"15":{"start":{"line":52,"column":4},"end":{"line":52,"column":60}},"16":{"start":{"line":53,"column":4},"end":{"line":53,"column":62}},"17":{"start":{"line":54,"column":4},"end":{"line":54,"column":58}},"18":{"start":{"line":55,"column":4},"end":{"line":55,"column":54}},"19":{"start":{"line":56,"column":4},"end":{"line":56,"column":60}},"20":{"start":{"line":57,"column":4},"end":{"line":57,"column":85}},"21":{"start":{"line":58,"column":4},"end":{"line":58,"column":56}},"22":{"start":{"line":60,"column":4},"end":{"line":60,"column":18}},"23":{"start":{"line":61,"column":16},"end":{"line":61,"column":20}},"24":{"start":{"line":63,"column":4},"end":{"line":67,"column":5}},"25":{"start":{"line":64,"column":8},"end":{"line":64,"column":22}},"26":{"start":{"line":65,"column":8},"end":{"line":65,"column":66}},"27":{"start":{"line":66,"column":8},"end":{"line":66,"column":56}},"28":{"start":{"line":69,"column":4},"end":{"line":73,"column":5}},"29":{"start":{"line":70,"column":8},"end":{"line":70,"column":22}},"30":{"start":{"line":71,"column":8},"end":{"line":71,"column":85}},"31":{"start":{"line":72,"column":8},"end":{"line":72,"column":75}},"32":{"start":{"line":76,"column":4},"end":{"line":80,"column":5}},"33":{"start":{"line":77,"column":8},"end":{"line":77,"column":22}},"34":{"start":{"line":78,"column":8},"end":{"line":78,"column":78}},"35":{"start":{"line":79,"column":8},"end":{"line":79,"column":66}},"36":{"start":{"line":82,"column":4},"end":{"line":86,"column":5}},"37":{"start":{"line":83,"column":8},"end":{"line":83,"column":22}},"38":{"start":{"line":84,"column":8},"end":{"line":84,"column":78}},"39":{"start":{"line":85,"column":8},"end":{"line":85,"column":66}},"40":{"start":{"line":89,"column":4},"end":{"line":93,"column":5}},"41":{"start":{"line":90,"column":8},"end":{"line":90,"column":22}},"42":{"start":{"line":91,"column":8},"end":{"line":91,"column":66}},"43":{"start":{"line":92,"column":8},"end":{"line":92,"column":56}},"44":{"start":{"line":96,"column":4},"end":{"line":100,"column":5}},"45":{"start":{"line":97,"column":8},"end":{"line":97,"column":22}},"46":{"start":{"line":98,"column":8},"end":{"line":98,"column":91}},"47":{"start":{"line":99,"column":8},"end":{"line":99,"column":78}},"48":{"start":{"line":102,"column":4},"end":{"line":102,"column":16}},"49":{"start":{"line":112,"column":22},"end":{"line":112,"column":52}},"50":{"start":{"line":113,"column":4},"end":{"line":113,"column":41}},"51":{"start":{"line":114,"column":4},"end":{"line":114,"column":46}},"52":{"start":{"line":117,"column":4},"end":{"line":117,"column":56}},"53":{"start":{"line":124,"column":21},"end":{"line":124,"column":69}},"54":{"start":{"line":125,"column":4},"end":{"line":127,"column":6}},"55":{"start":{"line":126,"column":8},"end":{"line":126,"column":26}},"56":{"start":{"line":138,"column":15},"end":{"line":143,"column":5}},"57":{"start":{"line":145,"column":4},"end":{"line":145,"column":32}},"58":{"start":{"line":146,"column":4},"end":{"line":146,"column":36}},"59":{"start":{"line":147,"column":4},"end":{"line":147,"column":52}},"60":{"start":{"line":148,"column":4},"end":{"line":148,"column":38}},"61":{"start":{"line":150,"column":4},"end":{"line":150,"column":16}},"62":{"start":{"line":158,"column":16},"end":{"line":158,"column":36}},"63":{"start":{"line":159,"column":4},"end":{"line":159,"column":21}},"64":{"start":{"line":160,"column":4},"end":{"line":160,"column":23}},"65":{"start":{"line":161,"column":4},"end":{"line":161,"column":23}},"66":{"start":{"line":162,"column":4},"end":{"line":162,"column":28}},"67":{"start":{"line":163,"column":4},"end":{"line":163,"column":16}},"68":{"start":{"line":172,"column":4},"end":{"line":180,"column":5}},"69":{"start":{"line":183,"column":0},"end":{"line":185,"column":1}},"70":{"start":{"line":184,"column":4},"end":{"line":184,"column":124}}},"fnMap":{"0":{"name":"(anonymous_0)","decl":{"start":{"line":12,"column":46},"end":{"line":12,"column":47}},"loc":{"start":{"line":12,"column":57},"end":{"line":22,"column":1}},"line":12},"1":{"name":"(anonymous_1)","decl":{"start":{"line":15,"column":36},"end":{"line":15,"column":37}},"loc":{"start":{"line":15,"column":47},"end":{"line":21,"column":5}},"line":15},"2":{"name":"initialize","decl":{"start":{"line":29,"column":9},"end":{"line":29,"column":19}},"loc":{"start":{"line":29,"column":21},"end":{"line":44,"column":1}},"line":29},"3":{"name":"validateInputs","decl":{"start":{"line":50,"column":9},"end":{"line":50,"column":23}},"loc":{"start":{"line":50,"column":25},"end":{"line":103,"column":1}},"line":50},"4":{"name":"displayError","decl":{"start":{"line":110,"column":9},"end":{"line":110,"column":21}},"loc":{"start":{"line":110,"column":49},"end":{"line":118,"column":1}},"line":110},"5":{"name":"clearErrorUI","decl":{"start":{"line":123,"column":9},"end":{"line":123,"column":21}},"loc":{"start":{"line":123,"column":23},"end":{"line":128,"column":1}},"line":123},"6":{"name":"(anonymous_6)","decl":{"start":{"line":125,"column":23},"end":{"line":125,"column":24}},"loc":{"start":{"line":125,"column":36},"end":{"line":127,"column":5}},"line":125},"7":{"name":"collectFormData","decl":{"start":{"line":137,"column":9},"end":{"line":137,"column":24}},"loc":{"start":{"line":137,"column":70},"end":{"line":151,"column":1}},"line":137},"8":{"name":"getToday","decl":{"start":{"line":157,"column":9},"end":{"line":157,"column":17}},"loc":{"start":{"line":157,"column":19},"end":{"line":164,"column":1}},"line":157},"9":{"name":"getGlobalVariables","decl":{"start":{"line":171,"column":9},"end":{"line":171,"column":27}},"loc":{"start":{"line":171,"column":29},"end":{"line":181,"column":1}},"line":171}},"branchMap":{"0":{"loc":{"start":{"line":18,"column":8},"end":{"line":20,"column":9}},"type":"if","locations":[{"start":{"line":18,"column":8},"end":{"line":20,"column":9}},{"start":{},"end":{}}],"line":18},"1":{"loc":{"start":{"line":63,"column":4},"end":{"line":67,"column":5}},"type":"if","locations":[{"start":{"line":63,"column":4},"end":{"line":67,"column":5}},{"start":{},"end":{}}],"line":63},"2":{"loc":{"start":{"line":69,"column":4},"end":{"line":73,"column":5}},"type":"if","locations":[{"start":{"line":69,"column":4},"end":{"line":73,"column":5}},{"start":{},"end":{}}],"line":69},"3":{"loc":{"start":{"line":76,"column":4},"end":{"line":80,"column":5}},"type":"if","locations":[{"start":{"line":76,"column":4},"end":{"line":80,"column":5}},{"start":{},"end":{}}],"line":76},"4":{"loc":{"start":{"line":82,"column":4},"end":{"line":86,"column":5}},"type":"if","locations":[{"start":{"line":82,"column":4},"end":{"line":86,"column":5}},{"start":{},"end":{}}],"line":82},"5":{"loc":{"start":{"line":89,"column":4},"end":{"line":93,"column":5}},"type":"if","locations":[{"start":{"line":89,"column":4},"end":{"line":93,"column":5}},{"start":{},"end":{}}],"line":89},"6":{"loc":{"start":{"line":96,"column":4},"end":{"line":100,"column":5}},"type":"if","locations":[{"start":{"line":96,"column":4},"end":{"line":100,"column":5}},{"start":{},"end":{}}],"line":96},"7":{"loc":{"start":{"line":183,"column":0},"end":{"line":185,"column":1}},"type":"if","locations":[{"start":{"line":183,"column":0},"end":{"line":185,"column":1}},{"start":{},"end":{}}],"line":183}},"s":{"0":1,"1":0,"2":0,"3":0,"4":0,"5":0,"6":2,"7":2,"8":2,"9":2,"10":2,"11":2,"12":2,"13":2,"14":2,"15":2,"16":2,"17":2,"18":2,"19":2,"20":2,"21":2,"22":2,"23":2,"24":2,"25":1,"26":1,"27":1,"28":2,"29":1,"30":1,"31":1,"32":2,"33":0,"34":0,"35":0,"36":2,"37":0,"38":0,"39":0,"40":2,"41":0,"42":0,"43":0,"44":2,"45":0,"46":0,"47":0,"48":2,"49":5,"50":5,"51":5,"52":5,"53":3,"54":3,"55":1,"56":1,"57":1,"58":1,"59":1,"60":1,"61":1,"62":6,"63":6,"64":6,"65":6,"66":6,"67":6,"68":4,"69":1,"70":1},"f":{"0":0,"1":0,"2":2,"3":2,"4":5,"5":3,"6":1,"7":1,"8":6,"9":4},"b":{"0":[0,0],"1":[1,1],"2":[1,1],"3":[0,2],"4":[0,2],"5":[0,2],"6":[0,2],"7":[1,0]},"_coverageSchema":"1a1c01bbd47fc00a2c39e90264f33305004495a9","hash":"10971a51794db2ccfde59e3b2c39bed3144d4ca0"}
,"C:\\Users\\WiN11\\Desktop\\COMP2230-Final-Project\\event_signup\\event_signup.js": {"path":"C:\\Users\\WiN11\\Desktop\\COMP2230-Final-Project\\event_signup\\event_signup.js","statementMap":{"0":{"start":{"line":2,"column":13},"end":{"line":2,"column":57}},"1":{"start":{"line":3,"column":19},"end":{"line":3,"column":57}},"2":{"start":{"line":11,"column":4},"end":{"line":11,"column":39}},"3":{"start":{"line":20,"column":4},"end":{"line":20,"column":37}},"4":{"start":{"line":24,"column":21},"end":{"line":24,"column":49}},"5":{"start":{"line":32,"column":4},"end":{"line":32,"column":43}},"6":{"start":{"line":41,"column":4},"end":{"line":41,"column":27}},"7":{"start":{"line":49,"column":23},"end":{"line":54,"column":5}},"8":{"start":{"line":55,"column":4},"end":{"line":55,"column":22}},"9":{"start":{"line":60,"column":26},"end":{"line":60,"column":69}},"10":{"start":{"line":61,"column":4},"end":{"line":63,"column":7}},"11":{"start":{"line":62,"column":8},"end":{"line":62,"column":39}},"12":{"start":{"line":68,"column":22},"end":{"line":68,"column":54}},"13":{"start":{"line":69,"column":26},"end":{"line":69,"column":67}},"14":{"start":{"line":70,"column":4},"end":{"line":72,"column":5}},"15":{"start":{"line":71,"column":8},"end":{"line":71,"column":46}},"16":{"start":{"line":75,"column":0},"end":{"line":125,"column":3}},"17":{"start":{"line":76,"column":17},"end":{"line":76,"column":61}},"18":{"start":{"line":77,"column":23},"end":{"line":77,"column":61}},"19":{"start":{"line":80,"column":4},"end":{"line":124,"column":7}},"20":{"start":{"line":81,"column":8},"end":{"line":81,"column":31}},"21":{"start":{"line":84,"column":8},"end":{"line":84,"column":22}},"22":{"start":{"line":86,"column":22},"end":{"line":86,"column":26}},"23":{"start":{"line":89,"column":27},"end":{"line":89,"column":42}},"24":{"start":{"line":92,"column":8},"end":{"line":95,"column":9}},"25":{"start":{"line":93,"column":12},"end":{"line":93,"column":42}},"26":{"start":{"line":94,"column":12},"end":{"line":94,"column":28}},"27":{"start":{"line":98,"column":8},"end":{"line":101,"column":9}},"28":{"start":{"line":99,"column":12},"end":{"line":99,"column":40}},"29":{"start":{"line":100,"column":12},"end":{"line":100,"column":28}},"30":{"start":{"line":104,"column":8},"end":{"line":107,"column":9}},"31":{"start":{"line":105,"column":12},"end":{"line":105,"column":41}},"32":{"start":{"line":106,"column":12},"end":{"line":106,"column":28}},"33":{"start":{"line":110,"column":8},"end":{"line":113,"column":9}},"34":{"start":{"line":111,"column":12},"end":{"line":111,"column":36}},"35":{"start":{"line":112,"column":12},"end":{"line":112,"column":28}},"36":{"start":{"line":115,"column":8},"end":{"line":123,"column":9}},"37":{"start":{"line":117,"column":12},"end":{"line":117,"column":68}},"38":{"start":{"line":118,"column":12},"end":{"line":118,"column":47}},"39":{"start":{"line":121,"column":12},"end":{"line":121,"column":71}},"40":{"start":{"line":122,"column":12},"end":{"line":122,"column":46}},"41":{"start":{"line":128,"column":0},"end":{"line":128,"column":96}}},"fnMap":{"0":{"name":"isValidEventName","decl":{"start":{"line":10,"column":9},"end":{"line":10,"column":25}},"loc":{"start":{"line":10,"column":37},"end":{"line":12,"column":1}},"line":10},"1":{"name":"isValidRepName","decl":{"start":{"line":19,"column":9},"end":{"line":19,"column":23}},"loc":{"start":{"line":19,"column":33},"end":{"line":21,"column":1}},"line":19},"2":{"name":"isValidEmail","decl":{"start":{"line":31,"column":9},"end":{"line":31,"column":21}},"loc":{"start":{"line":31,"column":29},"end":{"line":33,"column":1}},"line":31},"3":{"name":"isValidRole","decl":{"start":{"line":40,"column":9},"end":{"line":40,"column":20}},"loc":{"start":{"line":40,"column":27},"end":{"line":42,"column":1}},"line":40},"4":{"name":"getFormValues","decl":{"start":{"line":48,"column":9},"end":{"line":48,"column":22}},"loc":{"start":{"line":48,"column":25},"end":{"line":56,"column":1}},"line":48},"5":{"name":"clearErrors","decl":{"start":{"line":59,"column":9},"end":{"line":59,"column":20}},"loc":{"start":{"line":59,"column":23},"end":{"line":64,"column":1}},"line":59},"6":{"name":"(anonymous_6)","decl":{"start":{"line":61,"column":26},"end":{"line":61,"column":27}},"loc":{"start":{"line":61,"column":37},"end":{"line":63,"column":5}},"line":61},"7":{"name":"showError","decl":{"start":{"line":67,"column":9},"end":{"line":67,"column":18}},"loc":{"start":{"line":67,"column":28},"end":{"line":73,"column":1}},"line":67},"8":{"name":"(anonymous_8)","decl":{"start":{"line":75,"column":46},"end":{"line":75,"column":47}},"loc":{"start":{"line":75,"column":58},"end":{"line":125,"column":1}},"line":75},"9":{"name":"(anonymous_9)","decl":{"start":{"line":80,"column":36},"end":{"line":80,"column":37}},"loc":{"start":{"line":80,"column":53},"end":{"line":124,"column":5}},"line":80}},"branchMap":{"0":{"loc":{"start":{"line":70,"column":4},"end":{"line":72,"column":5}},"type":"if","locations":[{"start":{"line":70,"column":4},"end":{"line":72,"column":5}},{"start":{},"end":{}}],"line":70},"1":{"loc":{"start":{"line":92,"column":8},"end":{"line":95,"column":9}},"type":"if","locations":[{"start":{"line":92,"column":8},"end":{"line":95,"column":9}},{"start":{},"end":{}}],"line":92},"2":{"loc":{"start":{"line":98,"column":8},"end":{"line":101,"column":9}},"type":"if","locations":[{"start":{"line":98,"column":8},"end":{"line":101,"column":9}},{"start":{},"end":{}}],"line":98},"3":{"loc":{"start":{"line":104,"column":8},"end":{"line":107,"column":9}},"type":"if","locations":[{"start":{"line":104,"column":8},"end":{"line":107,"column":9}},{"start":{},"end":{}}],"line":104},"4":{"loc":{"start":{"line":110,"column":8},"end":{"line":113,"column":9}},"type":"if","locations":[{"start":{"line":110,"column":8},"end":{"line":113,"column":9}},{"start":{},"end":{}}],"line":110},"5":{"loc":{"start":{"line":115,"column":8},"end":{"line":123,"column":9}},"type":"if","locations":[{"start":{"line":115,"column":8},"end":{"line":123,"column":9}},{"start":{"line":119,"column":15},"end":{"line":123,"column":9}}],"line":115}},"s":{"0":1,"1":1,"2":3,"3":3,"4":1,"5":4,"6":3,"7":3,"8":3,"9":2,"10":2,"11":8,"12":1,"13":1,"14":1,"15":1,"16":1,"17":8,"18":8,"19":8,"20":2,"21":2,"22":2,"23":2,"24":2,"25":0,"26":0,"27":2,"28":0,"29":0,"30":2,"31":1,"32":1,"33":2,"34":0,"35":0,"36":2,"37":1,"38":1,"39":1,"40":1,"41":1},"f":{"0":3,"1":3,"2":4,"3":3,"4":3,"5":2,"6":8,"7":1,"8":8,"9":2},"b":{"0":[1,0],"1":[0,2],"2":[0,2],"3":[1,1],"4":[0,2],"5":[1,1]},"_coverageSchema":"1a1c01bbd47fc00a2c39e90264f33305004495a9","hash":"6ba7684b900d4277843f7eea5d5d97572b26ee0a"}
,"C:\\Users\\WiN11\\Desktop\\COMP2230-Final-Project\\volunteer_tracker\\volunteer_tracker.js": {"path":"C:\\Users\\WiN11\\Desktop\\COMP2230-Final-Project\\volunteer_tracker\\volunteer_tracker.js","statementMap":{"0":{"start":{"line":4,"column":17},"end":{"line":4,"column":57}},"1":{"start":{"line":6,"column":0},"end":{"line":12,"column":3}},"2":{"start":{"line":8,"column":4},"end":{"line":11,"column":7}},"3":{"start":{"line":10,"column":8},"end":{"line":10,"column":43}},"4":{"start":{"line":16,"column":13},"end":{"line":16,"column":54}},"5":{"start":{"line":17,"column":19},"end":{"line":17,"column":53}},"6":{"start":{"line":21,"column":4},"end":{"line":21,"column":62}},"7":{"start":{"line":24,"column":0},"end":{"line":24,"column":30}},"8":{"start":{"line":27,"column":0},"end":{"line":65,"column":1}},"9":{"start":{"line":29,"column":4},"end":{"line":63,"column":7}},"10":{"start":{"line":31,"column":8},"end":{"line":31,"column":31}},"11":{"start":{"line":34,"column":12},"end":{"line":34,"column":52}},"12":{"start":{"line":37,"column":12},"end":{"line":37,"column":50}},"13":{"start":{"line":40,"column":12},"end":{"line":40,"column":49}},"14":{"start":{"line":43,"column":12},"end":{"line":43,"column":51}},"15":{"start":{"line":45,"column":22},"end":{"line":50,"column":9}},"16":{"start":{"line":52,"column":8},"end":{"line":52,"column":28}},"17":{"start":{"line":54,"column":8},"end":{"line":57,"column":10}},"18":{"start":{"line":59,"column":8},"end":{"line":59,"column":21}},"19":{"start":{"line":61,"column":8},"end":{"line":61,"column":24}},"20":{"start":{"line":69,"column":4},"end":{"line":69,"column":30}},"21":{"start":{"line":71,"column":4},"end":{"line":76,"column":5}},"22":{"start":{"line":73,"column":8},"end":{"line":74,"column":49}},"23":{"start":{"line":75,"column":8},"end":{"line":75,"column":15}},"24":{"start":{"line":77,"column":4},"end":{"line":95,"column":7}},"25":{"start":{"line":80,"column":12},"end":{"line":80,"column":41}},"26":{"start":{"line":82,"column":8},"end":{"line":82,"column":35}},"27":{"start":{"line":84,"column":8},"end":{"line":93,"column":10}},"28":{"start":{"line":94,"column":8},"end":{"line":94,"column":36}},"29":{"start":{"line":100,"column":4},"end":{"line":100,"column":28}},"30":{"start":{"line":101,"column":4},"end":{"line":104,"column":6}},"31":{"start":{"line":105,"column":4},"end":{"line":105,"column":20}},"32":{"start":{"line":121,"column":18},"end":{"line":121,"column":20}},"33":{"start":{"line":123,"column":4},"end":{"line":132,"column":5}},"34":{"start":{"line":125,"column":21},"end":{"line":125,"column":31}},"35":{"start":{"line":127,"column":8},"end":{"line":129,"column":10}},"36":{"start":{"line":131,"column":8},"end":{"line":131,"column":52}},"37":{"start":{"line":134,"column":4},"end":{"line":135,"column":50}},"38":{"start":{"line":141,"column":23},"end":{"line":141,"column":33}},"39":{"start":{"line":143,"column":24},"end":{"line":143,"column":50}},"40":{"start":{"line":145,"column":4},"end":{"line":153,"column":5}},"41":{"start":{"line":145,"column":17},"end":{"line":145,"column":18}},"42":{"start":{"line":147,"column":21},"end":{"line":147,"column":42}},"43":{"start":{"line":149,"column":8},"end":{"line":152,"column":9}},"44":{"start":{"line":151,"column":12},"end":{"line":151,"column":55}},"45":{"start":{"line":155,"column":4},"end":{"line":155,"column":14}},"46":{"start":{"line":159,"column":0},"end":{"line":176,"column":3}},"47":{"start":{"line":161,"column":22},"end":{"line":161,"column":44}},"48":{"start":{"line":163,"column":4},"end":{"line":168,"column":5}},"49":{"start":{"line":165,"column":8},"end":{"line":167,"column":10}},"50":{"start":{"line":170,"column":4},"end":{"line":174,"column":6}},"51":{"start":{"line":179,"column":0},"end":{"line":188,"column":1}},"52":{"start":{"line":181,"column":4},"end":{"line":186,"column":6}},"53":{"start":{"line":192,"column":21},"end":{"line":192,"column":59}},"54":{"start":{"line":194,"column":18},"end":{"line":196,"column":9}},"55":{"start":{"line":195,"column":8},"end":{"line":195,"column":41}},"56":{"start":{"line":198,"column":4},"end":{"line":198,"column":63}},"57":{"start":{"line":201,"column":0},"end":{"line":204,"column":2}},"58":{"start":{"line":202,"column":4},"end":{"line":202,"column":20}},"59":{"start":{"line":203,"column":4},"end":{"line":203,"column":23}}},"fnMap":{"0":{"name":"(anonymous_0)","decl":{"start":{"line":6,"column":17},"end":{"line":6,"column":18}},"loc":{"start":{"line":6,"column":25},"end":{"line":12,"column":1}},"line":6},"1":{"name":"(anonymous_1)","decl":{"start":{"line":8,"column":35},"end":{"line":8,"column":36}},"loc":{"start":{"line":8,"column":41},"end":{"line":11,"column":5}},"line":8},"2":{"name":"(anonymous_2)","decl":{"start":{"line":29,"column":36},"end":{"line":29,"column":37}},"loc":{"start":{"line":29,"column":53},"end":{"line":63,"column":5}},"line":29},"3":{"name":"renderEntries","decl":{"start":{"line":67,"column":9},"end":{"line":67,"column":22}},"loc":{"start":{"line":67,"column":24},"end":{"line":96,"column":1}},"line":67},"4":{"name":"(anonymous_4)","decl":{"start":{"line":77,"column":20},"end":{"line":77,"column":21}},"loc":{"start":{"line":77,"column":35},"end":{"line":95,"column":5}},"line":77},"5":{"name":"deleteEntry","decl":{"start":{"line":99,"column":9},"end":{"line":99,"column":20}},"loc":{"start":{"line":99,"column":27},"end":{"line":106,"column":1}},"line":99},"6":{"name":"setCookie","decl":{"start":{"line":119,"column":9},"end":{"line":119,"column":18}},"loc":{"start":{"line":119,"column":38},"end":{"line":136,"column":1}},"line":119},"7":{"name":"getCookie","decl":{"start":{"line":139,"column":9},"end":{"line":139,"column":18}},"loc":{"start":{"line":139,"column":25},"end":{"line":156,"column":1}},"line":139},"8":{"name":"(anonymous_8)","decl":{"start":{"line":159,"column":32},"end":{"line":159,"column":33}},"loc":{"start":{"line":159,"column":38},"end":{"line":176,"column":1}},"line":159},"9":{"name":"renderTotalHours","decl":{"start":{"line":190,"column":9},"end":{"line":190,"column":25}},"loc":{"start":{"line":190,"column":28},"end":{"line":199,"column":1}},"line":190},"10":{"name":"(anonymous_10)","decl":{"start":{"line":194,"column":33},"end":{"line":194,"column":34}},"loc":{"start":{"line":194,"column":49},"end":{"line":196,"column":5}},"line":194},"11":{"name":"(anonymous_11)","decl":{"start":{"line":201,"column":16},"end":{"line":201,"column":17}},"loc":{"start":{"line":201,"column":22},"end":{"line":204,"column":1}},"line":201}},"branchMap":{"0":{"loc":{"start":{"line":21,"column":4},"end":{"line":21,"column":62}},"type":"binary-expr","locations":[{"start":{"line":21,"column":4},"end":{"line":21,"column":56}},{"start":{"line":21,"column":60},"end":{"line":21,"column":62}}],"line":21},"1":{"loc":{"start":{"line":27,"column":0},"end":{"line":65,"column":1}},"type":"if","locations":[{"start":{"line":27,"column":0},"end":{"line":65,"column":1}},{"start":{},"end":{}}],"line":27},"2":{"loc":{"start":{"line":71,"column":4},"end":{"line":76,"column":5}},"type":"if","locations":[{"start":{"line":71,"column":4},"end":{"line":76,"column":5}},{"start":{},"end":{}}],"line":71},"3":{"loc":{"start":{"line":123,"column":4},"end":{"line":132,"column":5}},"type":"if","locations":[{"start":{"line":123,"column":4},"end":{"line":132,"column":5}},{"start":{},"end":{}}],"line":123},"4":{"loc":{"start":{"line":149,"column":8},"end":{"line":152,"column":9}},"type":"if","locations":[{"start":{"line":149,"column":8},"end":{"line":152,"column":9}},{"start":{},"end":{}}],"line":149},"5":{"loc":{"start":{"line":163,"column":4},"end":{"line":168,"column":5}},"type":"if","locations":[{"start":{"line":163,"column":4},"end":{"line":168,"column":5}},{"start":{},"end":{}}],"line":163},"6":{"loc":{"start":{"line":179,"column":0},"end":{"line":188,"column":1}},"type":"if","locations":[{"start":{"line":179,"column":0},"end":{"line":188,"column":1}},{"start":{},"end":{}}],"line":179}},"s":{"0":1,"1":1,"2":0,"3":0,"4":1,"5":1,"6":1,"7":1,"8":1,"9":0,"10":0,"11":0,"12":0,"13":0,"14":0,"15":0,"16":0,"17":0,"18":0,"19":0,"20":0,"21":0,"22":0,"23":0,"24":0,"25":0,"26":0,"27":0,"28":0,"29":0,"30":0,"31":0,"32":1,"33":1,"34":1,"35":1,"36":1,"37":1,"38":1,"39":1,"40":1,"41":1,"42":1,"43":1,"44":1,"45":0,"46":1,"47":0,"48":0,"49":0,"50":0,"51":1,"52":1,"53":0,"54":0,"55":0,"56":0,"57":1,"58":0,"59":0},"f":{"0":0,"1":0,"2":0,"3":0,"4":0,"5":0,"6":1,"7":1,"8":0,"9":0,"10":0,"11":0},"b":{"0":[1,1],"1":[0,1],"2":[0,0],"3":[1,0],"4":[1,0],"5":[0,0],"6":[1,0]},"_coverageSchema":"1a1c01bbd47fc00a2c39e90264f33305004495a9","hash":"7e410b248dc85684d1308eaf0e99485e95dd868b"}
}
