TN:
SF:jest.config.js
FNF:0
FNH:0
DA:1,3
DA:4,3
DA:7,3
LF:3
LH:3
BRF:0
BRH:0
end_of_record
TN:
SF:template.js
FN:1,(anonymous_0)
FN:10,(anonymous_1)
FN:36,(anonymous_2)
FN:85,updateThemeColours
FN:122,(anonymous_4)
FN:133,(anonymous_5)
FNF:6
FNH:0
FNDA:0,(anonymous_0)
FNDA:0,(anonymous_1)
FNDA:0,(anonymous_2)
FNDA:0,updateThemeColours
FNDA:0,(anonymous_4)
FNDA:0,(anonymous_5)
DA:1,2
DA:3,0
DA:8,0
DA:10,0
DA:11,0
DA:13,0
DA:14,0
DA:15,0
DA:22,0
DA:23,0
DA:24,0
DA:26,0
DA:29,0
DA:31,0
DA:32,0
DA:33,0
DA:36,0
DA:37,0
DA:39,0
DA:40,0
DA:41,0
DA:43,0
DA:44,0
DA:46,0
DA:52,0
DA:54,0
DA:55,0
DA:62,0
DA:64,0
DA:66,0
DA:69,0
DA:74,0
DA:76,0
DA:79,0
DA:81,0
DA:87,0
DA:89,0
DA:90,0
DA:91,0
DA:92,0
DA:96,0
DA:97,0
DA:98,0
DA:99,0
DA:106,2
DA:107,2
DA:108,2
DA:111,2
DA:114,2
DA:117,2
DA:118,0
DA:122,2
DA:123,0
DA:124,0
DA:125,0
DA:127,0
DA:128,0
DA:133,2
DA:134,0
DA:135,0
DA:137,0
DA:138,0
DA:142,2
LF:63
LH:10
BRDA:13,0,0,0
BRDA:13,0,1,0
BRDA:31,1,0,0
BRDA:31,1,1,0
BRDA:39,2,0,0
BRDA:39,2,1,0
BRDA:54,3,0,0
BRDA:54,3,1,0
BRDA:87,4,0,0
BRDA:87,4,1,0
BRDA:117,5,0,0
BRDA:117,5,1,2
BRDA:123,6,0,0
BRDA:123,6,1,0
BRDA:134,7,0,0
BRDA:134,7,1,0
BRF:16
BRH:1
end_of_record
TN:
SF:donation-tracker\donation-tracker.js
FN:12,(anonymous_0)
FN:15,(anonymous_1)
FN:29,initialize
FN:50,validateInputs
FN:110,displayError
FN:123,clearErrorUI
FN:125,(anonymous_6)
FN:137,collectFormData
FN:157,getToday
FN:171,getGlobalVariables
FNF:10
FNH:8
FNDA:0,(anonymous_0)
FNDA:0,(anonymous_1)
FNDA:2,initialize
FNDA:2,validateInputs
FNDA:5,displayError
FNDA:3,clearErrorUI
FNDA:1,(anonymous_6)
FNDA:1,collectFormData
FNDA:6,getToday
FNDA:4,getGlobalVariables
DA:12,1
DA:13,0
DA:15,0
DA:16,0
DA:18,0
DA:19,0
DA:32,2
DA:33,2
DA:34,2
DA:35,2
DA:36,2
DA:38,2
DA:39,2
DA:42,2
DA:43,2
DA:52,2
DA:53,2
DA:54,2
DA:55,2
DA:56,2
DA:57,2
DA:58,2
DA:60,2
DA:61,2
DA:63,2
DA:64,1
DA:65,1
DA:66,1
DA:69,2
DA:70,1
DA:71,1
DA:72,1
DA:76,2
DA:77,0
DA:78,0
DA:79,0
DA:82,2
DA:83,0
DA:84,0
DA:85,0
DA:89,2
DA:90,0
DA:91,0
DA:92,0
DA:96,2
DA:97,0
DA:98,0
DA:99,0
DA:102,2
DA:112,5
DA:113,5
DA:114,5
DA:117,5
DA:124,3
DA:125,3
DA:126,1
DA:138,1
DA:145,1
DA:146,1
DA:147,1
DA:148,1
DA:150,1
DA:158,6
DA:159,6
DA:160,6
DA:161,6
DA:162,6
DA:163,6
DA:172,4
DA:183,1
DA:184,1
LF:71
LH:54
BRDA:18,0,0,0
BRDA:18,0,1,0
BRDA:63,1,0,1
BRDA:63,1,1,1
BRDA:69,2,0,1
BRDA:69,2,1,1
BRDA:76,3,0,0
BRDA:76,3,1,2
BRDA:82,4,0,0
BRDA:82,4,1,2
BRDA:89,5,0,0
BRDA:89,5,1,2
BRDA:96,6,0,0
BRDA:96,6,1,2
BRDA:183,7,0,1
BRDA:183,7,1,0
BRF:16
BRH:9
end_of_record
TN:
SF:event_signup\event_signup.js
FN:10,isValidEventName
FN:19,isValidRepName
FN:31,isValidEmail
FN:40,isValidRole
FN:48,getFormValues
FN:59,clearErrors
FN:61,(anonymous_6)
FN:67,showError
FN:75,(anonymous_8)
FN:80,(anonymous_9)
FNF:10
FNH:10
FNDA:3,isValidEventName
FNDA:3,isValidRepName
FNDA:4,isValidEmail
FNDA:3,isValidRole
FNDA:3,getFormValues
FNDA:2,clearErrors
FNDA:8,(anonymous_6)
FNDA:1,showError
FNDA:8,(anonymous_8)
FNDA:2,(anonymous_9)
DA:2,1
DA:3,1
DA:11,3
DA:20,3
DA:24,1
DA:32,4
DA:41,3
DA:49,3
DA:55,3
DA:60,2
DA:61,2
DA:62,8
DA:68,1
DA:69,1
DA:70,1
DA:71,1
DA:75,1
DA:76,8
DA:77,8
DA:80,8
DA:81,2
DA:84,2
DA:86,2
DA:89,2
DA:92,2
DA:93,0
DA:94,0
DA:98,2
DA:99,0
DA:100,0
DA:104,2
DA:105,1
DA:106,1
DA:110,2
DA:111,0
DA:112,0
DA:115,2
DA:117,1
DA:118,1
DA:121,1
DA:122,1
DA:128,1
LF:42
LH:36
BRDA:70,0,0,1
BRDA:70,0,1,0
BRDA:92,1,0,0
BRDA:92,1,1,2
BRDA:98,2,0,0
BRDA:98,2,1,2
BRDA:104,3,0,1
BRDA:104,3,1,1
BRDA:110,4,0,0
BRDA:110,4,1,2
BRDA:115,5,0,1
BRDA:115,5,1,1
BRF:12
BRH:8
end_of_record
TN:
SF:volunteer_tracker\volunteer_tracker.js
FN:6,(anonymous_0)
FN:8,(anonymous_1)
FN:29,(anonymous_2)
FN:67,renderEntries
FN:77,(anonymous_4)
FN:99,deleteEntry
FN:119,setCookie
FN:139,getCookie
FN:159,(anonymous_8)
FN:190,renderTotalHours
FN:194,(anonymous_10)
FN:201,(anonymous_11)
FNF:12
FNH:2
FNDA:0,(anonymous_0)
FNDA:0,(anonymous_1)
FNDA:0,(anonymous_2)
FNDA:0,renderEntries
FNDA:0,(anonymous_4)
FNDA:0,deleteEntry
FNDA:1,setCookie
FNDA:1,getCookie
FNDA:0,(anonymous_8)
FNDA:0,renderTotalHours
FNDA:0,(anonymous_10)
FNDA:0,(anonymous_11)
DA:4,1
DA:6,1
DA:8,0
DA:10,0
DA:16,1
DA:17,1
DA:21,1
DA:24,1
DA:27,1
DA:29,0
DA:31,0
DA:34,0
DA:37,0
DA:40,0
DA:43,0
DA:45,0
DA:52,0
DA:54,0
DA:59,0
DA:61,0
DA:69,0
DA:71,0
DA:73,0
DA:75,0
DA:77,0
DA:80,0
DA:82,0
DA:84,0
DA:94,0
DA:100,0
DA:101,0
DA:105,0
DA:121,1
DA:123,1
DA:125,1
DA:127,1
DA:131,1
DA:134,1
DA:141,1
DA:143,1
DA:145,1
DA:147,1
DA:149,1
DA:151,1
DA:155,0
DA:159,1
DA:161,0
DA:163,0
DA:165,0
DA:170,0
DA:179,1
DA:181,1
DA:192,0
DA:194,0
DA:195,0
DA:198,0
DA:201,1
DA:202,0
DA:203,0
LF:59
LH:23
BRDA:21,0,0,1
BRDA:21,0,1,1
BRDA:27,1,0,0
BRDA:27,1,1,1
BRDA:71,2,0,0
BRDA:71,2,1,0
BRDA:123,3,0,1
BRDA:123,3,1,0
BRDA:149,4,0,1
BRDA:149,4,1,0
BRDA:163,5,0,0
BRDA:163,5,1,0
BRDA:179,6,0,1
BRDA:179,6,1,0
BRF:14
BRH:6
end_of_record
